{
  "Cucumber Features": {
    "coverage": {
      "/home/ec2-user/environment/hw4/hw-acceptance-unit-test-cycle/app/models/movie.rb": [
        1,
        1,
        22,
        null,
        1,
        1,
        null,
        null
      ],
      "/home/ec2-user/environment/hw4/hw-acceptance-unit-test-cycle/app/controllers/movies_controller.rb": [
        1,
        null,
        1,
        2,
        null,
        null,
        1,
        4,
        4,
        null,
        null,
        null,
        1,
        22,
        22,
        null,
        4,
        null,
        4,
        null,
        22,
        22,
        null,
        22,
        60,
        null,
        null,
        22,
        6,
        6,
        6,
        null,
        16,
        null,
        null,
        1,
        null,
        null,
        null,
        1,
        1,
        1,
        1,
        null,
        null,
        1,
        1,
        null,
        null,
        1,
        1,
        1,
        1,
        1,
        null,
        null,
        1,
        1,
        1,
        1,
        1,
        null,
        null,
        1,
        2,
        2,
        1,
        1,
        null,
        1,
        null,
        null,
        null,
        null
      ],
      "/home/ec2-user/environment/hw4/hw-acceptance-unit-test-cycle/app/controllers/application_controller.rb": [
        1,
        1,
        null
      ],
      "/home/ec2-user/environment/hw4/hw-acceptance-unit-test-cycle/app/helpers/application_helper.rb": [
        1,
        null
      ],
      "/home/ec2-user/environment/hw4/hw-acceptance-unit-test-cycle/app/helpers/movies_helper.rb": [
        1,
        null,
        1,
        0,
        null,
        null
      ]
    },
    "timestamp": 1571943971
  },
  "RSpec": {
    "coverage": {
      "/home/ec2-user/environment/hw4/hw-acceptance-unit-test-cycle/app/helpers/application_helper.rb": [
        1,
        null
      ],
      "/home/ec2-user/environment/hw4/hw-acceptance-unit-test-cycle/app/helpers/movies_helper.rb": [
        1,
        null,
        1,
        0,
        null,
        null
      ],
      "/home/ec2-user/environment/hw4/hw-acceptance-unit-test-cycle/app/models/movie.rb": [
        1,
        1,
        0,
        null,
        1,
        2,
        null,
        null
      ],
      "/home/ec2-user/environment/hw4/hw-acceptance-unit-test-cycle/app/controllers/movies_controller.rb": [
        0,
        null,
        0,
        0,
        0,
        null,
        0,
        0,
        0,
        null,
        0,
        null,
        0,
        0,
        0,
        0,
        0,
        0,
        0,
        0,
        0,
        0,
        null,
        0,
        0,
        0,
        null,
        0,
        0,
        0,
        0,
        0,
        0,
        0,
        null,
        0,
        null,
        0,
        null,
        0,
        0,
        0,
        0,
        0,
        null,
        0,
        0,
        0,
        null,
        0,
        0,
        0,
        0,
        0,
        0,
        null,
        0,
        0,
        0,
        0,
        0,
        0,
        null,
        0,
        0,
        0,
        0,
        0,
        0,
        0,
        0,
        0,
        null,
        0
      ],
      "/home/ec2-user/environment/hw4/hw-acceptance-unit-test-cycle/app/controllers/application_controller.rb": [
        0,
        0,
        0
      ]
    },
    "timestamp": 1571943979
  }
}
